atmos_model.res
diag_table
input.nml
mixed_layer.res
spectral_dynamics.res.nc
tracer_sphum.res.nc
turb_diff.res
76419 blocks
atmos_model.res
diag_table
input.nml
mixed_layer.res
spectral_dynamics.res.nc
tracer_sphum.res.nc
turb_diff.res
76419 blocks
atmos_model.res
diag_table
input.nml
mixed_layer.res
spectral_dynamics.res.nc
tracer_sphum.res.nc
turb_diff.res
76419 blocks
atmos_model.res
diag_table
input.nml
mixed_layer.res
spectral_dynamics.res.nc
tracer_sphum.res.nc
turb_diff.res
76419 blocks
atmos_model.res
diag_table
input.nml
mixed_layer.res
spectral_dynamics.res.nc
tracer_sphum.res.nc
turb_diff.res
76419 blocks
atmos_model.res
diag_table
input.nml
mixed_layer.res
spectral_dynamics.res.nc
tracer_sphum.res.nc
turb_diff.res
76419 blocks
atmos_model.res
diag_table
input.nml
mixed_layer.res
spectral_dynamics.res.nc
tracer_sphum.res.nc
turb_diff.res
76419 blocks
atmos_model.res
diag_table
input.nml
mixed_layer.res
spectral_dynamics.res.nc
tracer_sphum.res.nc
turb_diff.res
76419 blocks
atmos_model.res
diag_table
input.nml
mixed_layer.res
spectral_dynamics.res.nc
tracer_sphum.res.nc
turb_diff.res
76419 blocks
atmos_model.res
diag_table
input.nml
mixed_layer.res
spectral_dynamics.res.nc
tracer_sphum.res.nc
turb_diff.res
76419 blocks
atmos_model.res
diag_table
input.nml
mixed_layer.res
spectral_dynamics.res.nc
tracer_sphum.res.nc
turb_diff.res
76419 blocks
atmos_model.res
diag_table
input.nml
mixed_layer.res
spectral_dynamics.res.nc
tracer_sphum.res.nc
turb_diff.res
76419 blocks
atmos_model.res
diag_table
input.nml
mixed_layer.res
spectral_dynamics.res.nc
tracer_sphum.res.nc
turb_diff.res
76419 blocks
atmos_model.res
diag_table
input.nml
mixed_layer.res
spectral_dynamics.res.nc
tracer_sphum.res.nc
turb_diff.res
76419 blocks
atmos_model.res
diag_table
input.nml
mixed_layer.res
spectral_dynamics.res.nc
tracer_sphum.res.nc
turb_diff.res
76419 blocks
atmos_model.res
diag_table
input.nml
mixed_layer.res
spectral_dynamics.res.nc
tracer_sphum.res.nc
turb_diff.res
76419 blocks
atmos_model.res
diag_table
input.nml
mixed_layer.res
spectral_dynamics.res.nc
tracer_sphum.res.nc
turb_diff.res
76419 blocks
atmos_model.res
diag_table
input.nml
mixed_layer.res
spectral_dynamics.res.nc
tracer_sphum.res.nc
turb_diff.res
76419 blocks
atmos_model.res
diag_table
input.nml
mixed_layer.res
spectral_dynamics.res.nc
tracer_sphum.res.nc
turb_diff.res
76419 blocks
atmos_model.res
diag_table
input.nml
mixed_layer.res
spectral_dynamics.res.nc
tracer_sphum.res.nc
turb_diff.res
76419 blocks
atmos_model.res
diag_table
input.nml
mixed_layer.res
spectral_dynamics.res.nc
tracer_sphum.res.nc
turb_diff.res
76419 blocks
atmos_model.res
diag_table
input.nml
mixed_layer.res
spectral_dynamics.res.nc
tracer_sphum.res.nc
turb_diff.res
76419 blocks
atmos_model.res
diag_table
input.nml
mixed_layer.res
spectral_dynamics.res.nc
tracer_sphum.res.nc
turb_diff.res
76419 blocks
atmos_model.res
diag_table
input.nml
mixed_layer.res
spectral_dynamics.res.nc
tracer_sphum.res.nc
turb_diff.res
76419 blocks
slurmstepd: error: *** JOB 53785717 ON node027 CANCELLED AT 2024-02-19T04:45:49 DUE TO TIME LIMIT ***
