Got into Main
nproc = 4
About to generate default config
args: 

/home/software/gcc/6.2.0/bin/gcc -O -o /home/ju26596/jf_conv_gray_smooth/bin/mppnccombine.{self.platform} -I/home/software/gcc/6.2.0/pkg/netcdf/4.6.3-c/include/ -L/home/software/gcc/6.2.0/pkg/netcdf/4.6.3-c/lib/ -lnetcdf -lnetcdff -Wl,-rpath /home/software/gcc/6.2.0/pkg/openmpi/4.0.4/lib -Wl,-rpath /home/software/gcc/6.2.0/pkg/netcdf/4.6.3-c/lib/ -Wl,-rpath /home/software/gcc/6.2.0/pkg/openmpi/src/openmpi-2.1.1/ompi/mpi/fortran/base -L/home/software/hdf5/1.10.5-parallel/lib -Wl,-rpath /home/software/hdf5/1.10.5-parallel/lib -I/home/software/hdf5/1.10.5-parallel/include /home/ju26596/jf_conv_gray_smooth/postprocessing/mppnccombine.c
returncode: 0

stdout: 


stderr: 

/bin/ld: warning: libnetcdf.so.7, needed by /home/software/gcc/6.2.0/pkg/netcdf/4.6.3-c/lib//libnetcdff.so, may conflict with libnetcdf.so.15



mppnccombine output: 
None
About to mkmf
os.listdir(execdir) = ['.cppdefs', 'Makefile', 'mpp.o', 'mpp_mod.mod', 'mpp_domains.o', 'mpp_domains_mod.mod', 'mpp_io.o', 'mpp_io_mod.mod', 'platform.o', 'platform_mod.mod', 'fms_io.o', 'fms_io_mod.mod', 'memutils.o', 'memutils_mod.mod', 'fms.o', 'fms_mod.mod', 'time_manager.o', 'time_manager_mod.mod', 'constants.o', 'constants_mod.mod', 'spec_mpp.o', 'spec_mpp_mod.mod', 'spherical.o', 'spherical_mod.mod', 'gauss_and_legendre.o', 'gauss_and_legendre_mod.mod', 'spherical_fourier.o', 'spherical_fourier_mod.mod', 'field_manager.o', 'field_manager_mod.mod', 'diag_axis.o', 'diag_axis_mod.mod', 'diag_output.o', 'diag_output_mod.mod', 'diag_manager.o', 'diag_manager_mod.mod', 'tracer_manager.o', 'tracer_manager_mod.mod', 'fft99.o', 'fft99_mod.mod', 'fft.o', 'fft_mod.mod', 'grid_fourier.o', 'grid_fourier_mod.mod', 'transforms.o', 'transforms_mod.mod', 'vert_advection.o', 'vert_advection_mod.mod', 'press_and_geopot.o', 'press_and_geopot_mod.mod', 'matrix_invert.o', 'matrix_invert_mod.mod', 'implicit_mod.mod', 'implicit.o', 'spectral_damping.o', 'spectral_damping_mod.mod', 'leapfrog.o', 'leapfrog_mod.mod', 'fv_advection.o', 'fv_advection_mod.mod', 'water_borrowing.o', 'water_borrowing_mod.mod', 'global_integral.o', 'global_integral_mod.mod', 'vert_coordinate.o', 'vert_coordinate_mod.mod', 'spectral_initialize_fields.o', 'spectral_initialize_fields_mod.mod', 'topog_regularization.o', 'topog_regularization_mod.mod', 'gaussian_topog.o', 'gaussian_topog_mod.mod', 'horiz_interp.o', 'horiz_interp_mod.mod', 'topography.o', 'topography_mod.mod', 'spectral_init_cond.o', 'spectral_init_cond_mod.mod', 'tracer_type.o', 'tracer_type_mod.mod', 'spectral_dynamics.o', 'spectral_dynamics_mod.mod', 'tridiagonal.o', 'tridiagonal_mod.mod', 'grid_physics_simple.o', 'grid_physics.mod', 'monin_obukhov.o', 'monin_obukhov_mod.mod', 'simple_sat_vapor_pres.o', 'simple_sat_vapor_pres_mod.mod', 'surface_flux.o', 'surface_flux_mod.mod', 'my25_turb.o', 'my25_turb_mod.mod', 'diffusivity.o', 'diffusivity_mod.mod', 'shallow_conv.o', 'shallow_conv_mod.mod', 'vert_turb_driver.o', 'vert_turb_driver_mod.mod', 'vert_diff.o', 'vert_diff_mod.mod', 'dry_convection.o', 'dry_convection_mod.mod', 'radiation_mod.mod', 'radiation.o', 'mixed_layer.o', 'mixed_layer_mod.mod', 'lscale_cond.o', 'lscale_cond_mod.mod', 'ras.o', 'ras_mod.mod', 'dargan_bettsmiller.o', 'dargan_bettsmiller_mod.mod', 'rf_convection.o', 'rf_convection_mod.mod', 'nn_convection.o', 'nn_convection_mod.mod', 'atmosphere.o', 'atmosphere_mod.mod', 'atmos_model.o', 'memuse.o', 'hs_forcing.o', 'hs_forcing_mod.mod', 'nsclock.o', 'fms.x']
args: 

cd /home/ju26596/jf_conv_gray_smooth/exec_spectral.gnu; /home/ju26596/jf_conv_gray_smooth/bin/mkmf -p fms.x -t /home/ju26596/jf_conv_gray_smooth/bin/mkmf.template.{self.platform} -c "-Duse_libMPI -Duse_netCDF"  -a /home/ju26596/jf_conv_gray_smooth/src /home/ju26596/jf_conv_gray_smooth/input/jf_spectral_pathnames
returncode: 0

stdout: 

 Makefile is ready.

stderr: 

.................................................................


mkmf_output: 
None
About to compile source code
args: 

cd /home/ju26596/jf_conv_gray_smooth/exec_spectral.gnu; make -f Makefile
returncode: 0

stdout: 

make: Nothing to be done for `all'.

stderr: 




make_output: 
None
Just set up the output directory /net/hstor001.ib/pog/001/ju26596/TEAMS_results/examples/frierson_gcm/2024-02-18/1/resT42_abs1_pert0p001/mem0/output
Just set up the output directory /net/hstor001.ib/pog/001/ju26596/TEAMS_results/examples/frierson_gcm/2024-02-18/1/resT42_abs1_pert0p001/mem0/work
There are some restart files: 
restart_files = ['turb_diff.res', 'tracer_sphum.res.nc', 'atmos_model.res', 'spectral_dynamics.res.nc', 'mixed_layer.res']
Just set up the output directory /net/hstor001.ib/pog/001/ju26596/TEAMS_results/examples/frierson_gcm/2024-02-18/1/resT42_abs1_pert0p001/mem1/output
Just set up the output directory /net/hstor001.ib/pog/001/ju26596/TEAMS_results/examples/frierson_gcm/2024-02-18/1/resT42_abs1_pert0p001/mem1/work
There are some restart files: 
restart_files = ['spectral_dynamics.res.nc', 'turb_diff.res', 'mixed_layer.res', 'tracer_sphum.res.nc', 'atmos_model.res']
Just set up the output directory /net/hstor001.ib/pog/001/ju26596/TEAMS_results/examples/frierson_gcm/2024-02-18/1/resT42_abs1_pert0p001/mem2/output
Just set up the output directory /net/hstor001.ib/pog/001/ju26596/TEAMS_results/examples/frierson_gcm/2024-02-18/1/resT42_abs1_pert0p001/mem2/work
There are some restart files: 
restart_files = ['spectral_dynamics.res.nc', 'tracer_sphum.res.nc', 'mixed_layer.res', 'turb_diff.res', 'atmos_model.res']
Just set up the output directory /net/hstor001.ib/pog/001/ju26596/TEAMS_results/examples/frierson_gcm/2024-02-18/1/resT42_abs1_pert0p001/mem3/output
Just set up the output directory /net/hstor001.ib/pog/001/ju26596/TEAMS_results/examples/frierson_gcm/2024-02-18/1/resT42_abs1_pert0p001/mem3/work
There are some restart files: 
restart_files = ['spectral_dynamics.res.nc', 'turb_diff.res', 'mixed_layer.res', 'tracer_sphum.res.nc', 'atmos_model.res']
Just set up the output directory /net/hstor001.ib/pog/001/ju26596/TEAMS_results/examples/frierson_gcm/2024-02-18/1/resT42_abs1_pert0p001/mem4/output
Just set up the output directory /net/hstor001.ib/pog/001/ju26596/TEAMS_results/examples/frierson_gcm/2024-02-18/1/resT42_abs1_pert0p001/mem4/work
There are some restart files: 
restart_files = ['tracer_sphum.res.nc', 'atmos_model.res', 'spectral_dynamics.res.nc', 'turb_diff.res', 'mixed_layer.res']
Just set up the output directory /net/hstor001.ib/pog/001/ju26596/TEAMS_results/examples/frierson_gcm/2024-02-18/1/resT42_abs1_pert0p001/mem5/output
Just set up the output directory /net/hstor001.ib/pog/001/ju26596/TEAMS_results/examples/frierson_gcm/2024-02-18/1/resT42_abs1_pert0p001/mem5/work
There are some restart files: 
restart_files = ['mixed_layer.res', 'tracer_sphum.res.nc', 'turb_diff.res', 'spectral_dynamics.res.nc', 'atmos_model.res']
Just set up the output directory /net/hstor001.ib/pog/001/ju26596/TEAMS_results/examples/frierson_gcm/2024-02-18/1/resT42_abs1_pert0p001/mem6/output
Just set up the output directory /net/hstor001.ib/pog/001/ju26596/TEAMS_results/examples/frierson_gcm/2024-02-18/1/resT42_abs1_pert0p001/mem6/work
There are some restart files: 
restart_files = ['spectral_dynamics.res.nc', 'atmos_model.res', 'turb_diff.res', 'tracer_sphum.res.nc', 'mixed_layer.res']
Just set up the output directory /net/hstor001.ib/pog/001/ju26596/TEAMS_results/examples/frierson_gcm/2024-02-18/1/resT42_abs1_pert0p001/mem7/output
Just set up the output directory /net/hstor001.ib/pog/001/ju26596/TEAMS_results/examples/frierson_gcm/2024-02-18/1/resT42_abs1_pert0p001/mem7/work
There are some restart files: 
restart_files = ['tracer_sphum.res.nc', 'atmos_model.res', 'turb_diff.res', 'mixed_layer.res', 'spectral_dynamics.res.nc']
Just set up the output directory /net/hstor001.ib/pog/001/ju26596/TEAMS_results/examples/frierson_gcm/2024-02-18/1/resT42_abs1_pert0p001/mem8/output
Just set up the output directory /net/hstor001.ib/pog/001/ju26596/TEAMS_results/examples/frierson_gcm/2024-02-18/1/resT42_abs1_pert0p001/mem8/work
There are some restart files: 
restart_files = ['atmos_model.res', 'spectral_dynamics.res.nc', 'mixed_layer.res', 'turb_diff.res', 'tracer_sphum.res.nc']
Just set up the output directory /net/hstor001.ib/pog/001/ju26596/TEAMS_results/examples/frierson_gcm/2024-02-18/1/resT42_abs1_pert0p001/mem9/output
Just set up the output directory /net/hstor001.ib/pog/001/ju26596/TEAMS_results/examples/frierson_gcm/2024-02-18/1/resT42_abs1_pert0p001/mem9/work
There are some restart files: 
restart_files = ['tracer_sphum.res.nc', 'turb_diff.res', 'atmos_model.res', 'spectral_dynamics.res.nc', 'mixed_layer.res']
Just set up the output directory /net/hstor001.ib/pog/001/ju26596/TEAMS_results/examples/frierson_gcm/2024-02-18/1/resT42_abs1_pert0p001/mem10/output
Just set up the output directory /net/hstor001.ib/pog/001/ju26596/TEAMS_results/examples/frierson_gcm/2024-02-18/1/resT42_abs1_pert0p001/mem10/work
There are some restart files: 
restart_files = ['turb_diff.res', 'mixed_layer.res', 'tracer_sphum.res.nc', 'atmos_model.res', 'spectral_dynamics.res.nc']
Just set up the output directory /net/hstor001.ib/pog/001/ju26596/TEAMS_results/examples/frierson_gcm/2024-02-18/1/resT42_abs1_pert0p001/mem11/output
Just set up the output directory /net/hstor001.ib/pog/001/ju26596/TEAMS_results/examples/frierson_gcm/2024-02-18/1/resT42_abs1_pert0p001/mem11/work
There are some restart files: 
restart_files = ['spectral_dynamics.res.nc', 'atmos_model.res', 'turb_diff.res', 'mixed_layer.res', 'tracer_sphum.res.nc']
Just set up the output directory /net/hstor001.ib/pog/001/ju26596/TEAMS_results/examples/frierson_gcm/2024-02-18/1/resT42_abs1_pert0p001/mem12/output
Just set up the output directory /net/hstor001.ib/pog/001/ju26596/TEAMS_results/examples/frierson_gcm/2024-02-18/1/resT42_abs1_pert0p001/mem12/work
